0 info it worked if it ends with ok
1 verbose cli [ 'node', '/usr/local/bin/npm', 'start' ]
2 info using npm@3.10.5
3 info using node@v0.10.33
4 verbose run-script [ 'prestart', 'start', 'poststart' ]
5 info lifecycle angular2-template@1.0.0~prestart: angular2-template@1.0.0
6 silly lifecycle angular2-template@1.0.0~prestart: no script for prestart, continuing
7 info lifecycle angular2-template@1.0.0~start: angular2-template@1.0.0
8 verbose lifecycle angular2-template@1.0.0~start: unsafe-perm in lifecycle true
9 verbose lifecycle angular2-template@1.0.0~start: PATH: /usr/local/lib/node_modules/npm/bin/node-gyp-bin:/home/ericknilsen/Downloads/T182/app-menu/node_modules/.bin:/usr/local/bin:/usr/local/sbin:/usr/local/bin:/usr/sbin:/usr/bin:/sbin:/bin:/usr/games:/usr/local/games:/usr/local/jdk1.6.0_39/bin:/home/ericknilsen/dataprev/tools/jboss-5.1.0.GA.jdk6
10 verbose lifecycle angular2-template@1.0.0~start: CWD: /home/ericknilsen/Downloads/T182/app-menu
11 silly lifecycle angular2-template@1.0.0~start: Args: [ '-c', 'tsc && concurrently "tsc -w" "lite-server" ' ]
12 silly lifecycle angular2-template@1.0.0~start: Returned: code: 2  signal: null
13 info lifecycle angular2-template@1.0.0~start: Failed to exec start script
14 verbose stack Error: angular2-template@1.0.0 start: `tsc && concurrently "tsc -w" "lite-server" `
14 verbose stack Exit status 2
14 verbose stack     at EventEmitter.<anonymous> (/usr/local/lib/node_modules/npm/lib/utils/lifecycle.js:242:16)
14 verbose stack     at EventEmitter.emit (events.js:98:17)
14 verbose stack     at ChildProcess.<anonymous> (/usr/local/lib/node_modules/npm/lib/utils/spawn.js:40:14)
14 verbose stack     at ChildProcess.emit (events.js:98:17)
14 verbose stack     at maybeClose (child_process.js:756:16)
14 verbose stack     at Process.ChildProcess._handle.onexit (child_process.js:823:5)
15 verbose pkgid angular2-template@1.0.0
16 verbose cwd /home/ericknilsen/Downloads/T182/app-menu
17 error Linux 3.13.0-68-generic
18 error argv "node" "/usr/local/bin/npm" "start"
19 error node v0.10.33
20 error npm  v3.10.5
21 error code ELIFECYCLE
22 error angular2-template@1.0.0 start: `tsc && concurrently "tsc -w" "lite-server" `
22 error Exit status 2
23 error Failed at the angular2-template@1.0.0 start script 'tsc && concurrently "tsc -w" "lite-server" '.
23 error Make sure you have the latest version of node.js and npm installed.
23 error If you do, this is most likely a problem with the angular2-template package,
23 error not with npm itself.
23 error Tell the author that this fails on your system:
23 error     tsc && concurrently "tsc -w" "lite-server"
23 error You can get information on how to open an issue for this project with:
23 error     npm bugs angular2-template
23 error Or if that isn't available, you can get their info via:
23 error     npm owner ls angular2-template
23 error There is likely additional logging output above.
24 verbose exit [ 1, true ]
